SF:clients\kuluttajaliitto.py
DA:1,1
DA:3,1
DA:4,1
DA:5,1
DA:6,1
DA:8,1
DA:10,1
DA:11,1
DA:14,1
DA:15,1
DA:16,1
DA:17,1
DA:18,1
DA:19,1
DA:20,1
DA:23,1
DA:24,1
DA:25,1
DA:26,1
DA:29,1
DA:31,1
DA:42,1
DA:43,1
DA:55,1
DA:56,1
LF:25
LH:25
FN:23,26,_strip
FNDA:1,_strip
FN:29,52,fetch_statements
FNDA:1,fetch_statements
FN:55,67,build_context
FNDA:1,build_context
FNF:3
FNH:3
BRDA:24,0,jump to line 25,1
BRDA:24,0,jump to line 26,1
BRF:2
BRH:2
end_of_record
SF:clients\lausuntopalvelu.py
DA:1,1
DA:3,1
DA:4,1
DA:5,1
DA:6,1
DA:7,1
DA:9,1
DA:11,1
DA:12,1
DA:15,1
DA:22,1
DA:23,1
DA:24,1
DA:25,1
DA:26,1
DA:27,1
DA:28,1
DA:29,1
DA:30,1
DA:33,1
DA:34,1
DA:35,1
DA:36,1
DA:39,1
DA:40,1
DA:41,1
DA:42,1
DA:44,1
DA:45,1
DA:46,1
DA:49,1
DA:50,1
DA:51,1
DA:54,1
DA:55,1
DA:56,1
DA:57,1
DA:68,1
DA:70,1
DA:75,1
DA:76,1
DA:77,1
DA:80,1
DA:92,1
DA:93,1
DA:94,1
DA:95,1
DA:98,1
DA:103,1
DA:104,1
DA:107,1
DA:108,1
DA:109,1
DA:110,1
DA:111,1
DA:112,1
LF:56
LH:56
FN:33,36,strip_html
FNDA:1,strip_html
FN:39,46,_parse_dt
FNDA:1,_parse_dt
FN:49,51,_get
FNDA:1,_get
FN:54,65,_parse_entry
FNDA:1,_parse_entry
FN:68,77,fetch_recent
FNDA:1,fetch_recent
FN:80,112,proposal_has_recipient
FNDA:1,proposal_has_recipient
FNF:6
FNH:6
BRDA:34,0,jump to line 35,1
BRDA:34,0,jump to line 36,1
BRDA:40,0,jump to line 41,1
BRDA:40,0,jump to line 42,1
BRDA:103,0,jump to line 104,1
BRDA:103,0,jump to line 107,1
BRDA:109,0,jump to line 110,1
BRDA:109,0,jump to line 111,1
BRF:8
BRH:8
end_of_record
SF:config.py
DA:1,1
DA:4,1
DA:5,1
DA:9,1
DA:12,1
DA:13,1
DA:14,1
DA:15,1
DA:16,1
DA:17,1
DA:18,1
DA:19,1
DA:22,1
DA:28,1
LF:14
LH:14
end_of_record
SF:delivery\email.py
DA:1,1
DA:3,1
DA:4,1
DA:5,1
DA:6,1
DA:7,1
DA:10,1
DA:11,1
DA:14,1
DA:24,1
DA:25,1
DA:26,1
DA:27,1
DA:28,1
DA:29,1
DA:31,1
DA:32,1
DA:33,1
DA:34,1
DA:42,1
DA:49,1
DA:50,1
DA:51,1
DA:54,1
DA:55,1
DA:56,1
DA:57,1
DA:58,1
DA:67,1
DA:70,1
DA:71,1
DA:72,1
DA:73,1
DA:74,1
DA:75,1
DA:89,1
DA:101,1
DA:109,1
DA:122,1
DA:124,1
DA:125,1
DA:128,1
DA:129,1
DA:130,1
DA:131,1
DA:132,1
DA:133,1
DA:134,1
DA:135,1
DA:143,1
DA:149,1
DA:152,1
DA:153,1
DA:154,1
DA:155,1
DA:156,1
DA:157,1
DA:158,1
DA:159,1
DA:160,1
DA:170,1
DA:174,1
DA:190,1
LF:63
LH:63
FN:10,11,_fmt_date
FNDA:1,_fmt_date
FN:14,34,send_email
FNDA:1,send_email
FN:42,101,build_daily_digest
FNDA:1,build_daily_digest
FN:109,190,build_weekly_digest
FNDA:1,build_weekly_digest
FNF:4
FNH:4
BRDA:55,0,jump to line 56,1
BRDA:55,0,jump to line 67,1
BRDA:71,0,jump to line 72,1
BRDA:71,0,jump to line 89,1
BRDA:129,0,jump to line 130,1
BRDA:129,0,jump to line 143,1
BRDA:132,0,jump to line 133,1
BRDA:132,0,jump to line 134,1
BRDA:134,0,jump to line 129,1
BRDA:134,0,jump to line 135,1
BRDA:153,0,jump to line 154,1
BRDA:153,0,jump to line 174,1
BRDA:156,0,jump to line 157,1
BRDA:156,0,jump to line 158,1
BRDA:158,0,jump to line 159,1
BRDA:158,0,jump to line 170,1
BRF:16
BRH:16
end_of_record
SF:main.py
DA:1,1
DA:3,1
DA:4,1
DA:5,1
DA:6,1
DA:7,1
DA:8,1
DA:9,1
DA:11,1
DA:12,1
DA:14,1
DA:16,1
DA:17,1
DA:18,1
DA:19,1
DA:20,1
DA:22,1
DA:30,1
DA:31,1
DA:32,1
DA:33,1
DA:36,1
DA:37,1
DA:38,1
DA:39,1
DA:42,1
DA:43,1
DA:44,1
DA:47,1
DA:48,1
DA:49,1
DA:54,1
DA:55,1
DA:56,1
DA:57,1
DA:60,1
DA:61,1
DA:62,1
DA:63,1
DA:66,1
DA:67,1
DA:68,1
DA:69,1
DA:77,1
DA:78,1
DA:79,1
DA:80,1
DA:81,1
DA:82,1
DA:83,1
DA:86,1
DA:87,1
DA:88,1
DA:89,1
DA:94,1
DA:96,1
DA:97,1
DA:98,1
DA:100,1
DA:101,1
DA:102,1
DA:103,1
DA:105,1
DA:106,1
DA:107,1
DA:109,1
DA:110,1
DA:112,1
DA:113,1
DA:114,1
DA:115,1
DA:120,1
DA:121,1
DA:123,1
DA:124,1
DA:131,1
DA:132,1
DA:133,1
DA:135,1
DA:136,1
DA:137,1
DA:138,1
DA:139,1
DA:140,1
DA:141,1
DA:143,1
DA:145,1
DA:153,1
DA:167,1
DA:168,1
DA:169,1
DA:184,1
DA:185,1
DA:186,1
DA:188,1
DA:190,1
DA:192,1
DA:193,1
DA:194,1
DA:196,1
DA:197,1
DA:198,1
DA:200,1
DA:202,1
DA:203,1
DA:204,1
DA:205,1
DA:207,1
DA:208,1
DA:211,1
DA:212,1
DA:213,1
DA:216,1
DA:217,1
DA:218,1
DA:221,1
DA:222,1
DA:223,1
DA:224,1
DA:226,1
DA:227,1
DA:228,1
DA:230,1
DA:231,1
DA:232,1
DA:233,1
DA:234,1
DA:235,1
DA:236,1
DA:237,1
DA:238,1
DA:239,1
DA:240,1
DA:241,1
DA:242,1
DA:243,1
DA:244,1
DA:245,1
DA:246,1
DA:248,1
DA:249,1
DA:250,1
DA:251,1
DA:252,1
DA:254,1
DA:255,1
DA:256,1
DA:258,1
DA:259,1
DA:260,1
DA:262,1
DA:263,1
DA:266,1
DA:269,1
DA:270,1
DA:271,1
DA:272,1
DA:274,1
DA:275,1
DA:276,1
DA:277,1
DA:279,1
DA:280,1
DA:281,1
DA:282,1
DA:283,1
DA:284,1
DA:285,1
DA:286,1
DA:287,1
DA:288,1
DA:294,1
DA:303,1
DA:304,1
DA:305,1
DA:313,1
DA:314,1
DA:315,1
DA:316,1
DA:319,1
DA:322,1
DA:327,1
DA:332,1
DA:337,1
DA:343,1
DA:348,1
DA:350,1
DA:360,1
DA:361,1
DA:363,1
DA:364,1
DA:366,1
DA:367,1
DA:369,1
DA:370,1
DA:372,1
DA:373,1
DA:375,1
DA:376,1
DA:378,1
DA:379,1
DA:382,1
DA:383,0
LF:203
LH:202
FN:30,33,_load_json
FNDA:1,_load_json
FN:36,39,_save_json
FNDA:1,_save_json
FN:42,44,_append_log
FNDA:1,_append_log
FN:47,57,_append_nostetut
FNDA:1,_append_nostetut
FN:60,63,_load_context
FNDA:1,_load_context
FN:66,69,_save_context
FNDA:1,_save_context
FN:77,83,cmd_update_context
FNDA:1,cmd_update_context
FN:86,208,cmd_daily
FNDA:1,cmd_daily
FN:211,213,cmd_weekly
FNDA:1,cmd_weekly
FN:216,218,cmd_midweek
FNDA:1,cmd_midweek
FN:221,266,cmd_review_logged
FNDA:1,cmd_review_logged
FN:248,252,cmd_review_logged._print_entries
FNDA:1,cmd_review_logged._print_entries
FN:269,305,cmd_preview_nostetut
FNDA:1,cmd_preview_nostetut
FN:313,379,main
FNDA:1,main
FNF:14
FNH:14
BRDA:31,0,jump to line 32,1
BRDA:31,0,jump to line 33,1
BRDA:61,0,jump to line 62,1
BRDA:61,0,jump to line 63,1
BRDA:88,0,jump to line 89,1
BRDA:88,0,jump to line 94,0
BRDA:105,0,jump to line 106,1
BRDA:105,0,jump to line 109,1
BRDA:112,0,jump to line 113,1
BRDA:112,0,jump to line 190,1
BRDA:136,0,jump to line 137,1
BRDA:136,0,jump to line 143,1
BRDA:167,0,jump to line 168,1
BRDA:167,0,jump to line 184,1
BRDA:184,0,jump to line 185,1
BRDA:184,0,jump to line 188,1
BRDA:192,0,jump to line 193,1
BRDA:192,0,jump to line 196,1
BRDA:197,0,jump to line 198,1
BRDA:197,0,jump to line 200,1
BRDA:202,0,jump to line 203,1
BRDA:202,0,jump to line 207,1
BRDA:222,0,jump to line 223,1
BRDA:222,0,jump to line 226,1
BRDA:231,0,jump to line 232,1
BRDA:231,0,jump to line 248,1
BRDA:233,0,jump to line 234,1
BRDA:233,0,jump to line 235,1
BRDA:241,0,jump to line 242,1
BRDA:241,0,jump to line 243,1
BRDA:243,0,jump to line 244,1
BRDA:243,0,jump to line 245,1
BRDA:245,0,jump to line 231,1
BRDA:245,0,jump to line 246,1
BRDA:249,0,jump to line 250,1
BRDA:249,0,return from function '_print_entries',1
BRDA:254,0,jump to line 255,1
BRDA:254,0,jump to line 258,1
BRDA:258,0,jump to line 259,1
BRDA:258,0,jump to line 262,0
BRDA:262,0,jump to line 263,1
BRDA:262,0,return from function 'cmd_review_logged',0
BRDA:270,0,jump to line 271,1
BRDA:270,0,jump to line 274,1
BRDA:275,0,jump to line 276,1
BRDA:275,0,jump to line 279,1
BRDA:280,0,jump to line 281,1
BRDA:280,0,jump to line 303,1
BRDA:282,0,jump to line 283,1
BRDA:282,0,jump to line 288,0
BRDA:350,0,jump to line 360,1
BRDA:350,0,jump to line 363,1
BRDA:363,0,jump to line 364,1
BRDA:363,0,jump to line 366,1
BRDA:366,0,jump to line 367,1
BRDA:366,0,jump to line 369,1
BRDA:369,0,jump to line 370,1
BRDA:369,0,jump to line 372,1
BRDA:372,0,jump to line 373,1
BRDA:372,0,jump to line 375,1
BRDA:375,0,jump to line 376,1
BRDA:375,0,jump to line 378,1
BRDA:378,0,jump to line 379,1
BRDA:378,0,return from function 'main',0
BRDA:382,0,jump to line 383,0
BRDA:382,0,exit the module,1
BRF:66
BRH:60
end_of_record
SF:processing\llm_scorer.py
DA:1,1
DA:3,1
DA:5,1
DA:7,1
DA:9,1
DA:44,1
DA:45,1
DA:46,1
DA:47,1
DA:48,1
DA:49,1
DA:50,1
DA:53,1
DA:68,1
DA:69,1
DA:70,1
DA:71,1
DA:72,1
DA:80,1
DA:108,1
LF:20
LH:20
FN:44,50,_format_statements
FNDA:1,_format_statements
FN:53,108,score_item
FNDA:1,score_item
FNF:2
FNH:2
BRDA:46,0,jump to line 47,1
BRDA:46,0,jump to line 50,1
BRDA:48,0,jump to line 46,1
BRDA:48,0,jump to line 49,1
BRDA:70,0,jump to line 71,1
BRDA:70,0,jump to line 72,0
BRF:6
BRH:5
end_of_record
SF:tests\test_email.py
DA:1,1
DA:3,1
DA:4,1
DA:6,1
DA:9,1
DA:10,1
DA:12,1
DA:13,1
DA:14,1
DA:15,1
DA:17,1
DA:18,1
DA:20,1
DA:21,1
DA:23,1
DA:24,1
DA:26,1
DA:27,1
DA:29,1
DA:30,1
DA:31,1
DA:33,1
DA:35,1
DA:46,1
DA:47,1
DA:48,1
DA:49,1
DA:50,1
DA:51,1
DA:54,1
DA:55,1
DA:69,1
DA:70,1
DA:71,1
DA:72,1
DA:73,1
DA:74,1
DA:77,1
DA:78,1
DA:92,1
DA:99,1
DA:100,1
DA:101,1
DA:102,1
DA:103,1
LF:45
LH:45
FN:9,51,test_send_email_uses_smtp_flow
FNDA:1,test_send_email_uses_smtp_flow
FN:13,15,test_send_email_uses_smtp_flow.FakeSMTP.__init__
FNDA:1,test_send_email_uses_smtp_flow.FakeSMTP.__init__
FN:17,18,test_send_email_uses_smtp_flow.FakeSMTP.__enter__
FNDA:1,test_send_email_uses_smtp_flow.FakeSMTP.__enter__
FN:20,21,test_send_email_uses_smtp_flow.FakeSMTP.__exit__
FNDA:1,test_send_email_uses_smtp_flow.FakeSMTP.__exit__
FN:23,24,test_send_email_uses_smtp_flow.FakeSMTP.starttls
FNDA:1,test_send_email_uses_smtp_flow.FakeSMTP.starttls
FN:26,27,test_send_email_uses_smtp_flow.FakeSMTP.login
FNDA:1,test_send_email_uses_smtp_flow.FakeSMTP.login
FN:29,31,test_send_email_uses_smtp_flow.FakeSMTP.send_message
FNDA:1,test_send_email_uses_smtp_flow.FakeSMTP.send_message
FN:54,74,test_build_daily_digest_contains_key_fields
FNDA:1,test_build_daily_digest_contains_key_fields
FN:77,103,test_build_weekly_digest_handles_empty_and_linked_items
FNDA:1,test_build_weekly_digest_handles_empty_and_linked_items
FNF:9
FNH:9
end_of_record
SF:tests\test_kuluttajaliitto.py
DA:1,1
DA:3,1
DA:5,1
DA:8,1
DA:9,1
DA:10,1
DA:13,1
DA:14,1
DA:24,1
DA:25,1
DA:26,1
DA:27,1
DA:28,1
DA:29,1
DA:30,1
DA:35,1
DA:36,1
DA:37,1
DA:38,1
DA:39,1
DA:40,1
DA:43,1
DA:44,1
DA:53,1
DA:54,1
DA:55,1
DA:56,1
LF:27
LH:27
FN:8,10,test_strip_handles_html_and_none
FNDA:1,test_strip_handles_html_and_none
FN:13,40,test_fetch_statements_parses_wp_response
FNDA:1,test_fetch_statements_parses_wp_response
FN:25,33,test_fetch_statements_parses_wp_response.FakeClient.get
FNDA:1,test_fetch_statements_parses_wp_response.FakeClient.get
FN:43,56,test_build_context_maps_statements
FNDA:1,test_build_context_maps_statements
FNF:4
FNH:4
end_of_record
SF:tests\test_lausuntopalvelu.py
DA:1,1
DA:3,1
DA:5,1
DA:8,1
DA:9,1
DA:20,1
DA:21,1
DA:22,1
DA:24,1
DA:25,1
DA:27,1
DA:30,1
DA:31,1
DA:40,1
DA:41,1
DA:42,1
DA:44,1
DA:45,1
DA:47,1
DA:50,1
DA:51,1
DA:52,1
DA:53,1
DA:55,1
DA:56,1
DA:58,1
LF:26
LH:26
FN:8,27,test_proposal_has_recipient_from_jakelu_table
FNDA:1,test_proposal_has_recipient_from_jakelu_table
FN:30,47,test_proposal_has_recipient_fallback_region
FNDA:1,test_proposal_has_recipient_fallback_region
FN:50,58,test_proposal_has_recipient_false_when_not_found
FNDA:1,test_proposal_has_recipient_false_when_not_found
FNF:3
FNH:3
end_of_record
SF:tests\test_lausuntopalvelu_feed.py
DA:1,1
DA:3,1
DA:4,1
DA:6,1
DA:9,1
DA:10,1
DA:13,1
DA:14,1
DA:15,1
DA:16,1
DA:17,1
DA:20,1
DA:21,1
DA:40,1
DA:41,1
DA:42,1
DA:43,1
DA:44,1
DA:49,1
DA:50,1
DA:51,1
DA:52,1
DA:53,1
DA:54,1
DA:55,1
DA:56,1
DA:57,1
LF:27
LH:27
FN:9,10,test_strip_html_none_returns_empty
FNDA:1,test_strip_html_none_returns_empty
FN:13,17,test_parse_dt_valid_and_invalid
FNDA:1,test_parse_dt_valid_and_invalid
FN:20,57,test_fetch_recent_parses_atom_feed
FNDA:1,test_fetch_recent_parses_atom_feed
FN:41,47,test_fetch_recent_parses_atom_feed.FakeClient.get
FNDA:1,test_fetch_recent_parses_atom_feed.FakeClient.get
FNF:4
FNH:4
end_of_record
SF:tests\test_llm_scorer.py
DA:1,1
DA:3,1
DA:5,1
DA:8,1
DA:9,1
DA:16,1
DA:17,1
DA:18,1
DA:21,1
DA:22,1
DA:24,1
DA:25,1
DA:26,1
DA:32,1
DA:33,1
DA:35,1
DA:43,1
DA:44,1
DA:46,1
DA:47,1
DA:48,1
LF:21
LH:21
FN:8,18,test_format_statements_includes_excerpt_when_present
FNDA:1,test_format_statements_includes_excerpt_when_present
FN:21,48,test_score_item_includes_jakelu_signal
FNDA:1,test_score_item_includes_jakelu_signal
FN:24,30,test_score_item_includes_jakelu_signal.fake_create
FNDA:1,test_score_item_includes_jakelu_signal.fake_create
FNF:3
FNH:3
end_of_record
SF:tests\test_main_cli.py
DA:1,1
DA:3,1
DA:5,1
DA:8,1
DA:9,1
DA:11,1
DA:12,1
DA:13,1
DA:14,1
DA:15,1
DA:16,1
DA:17,1
DA:22,1
DA:23,1
DA:26,1
DA:27,1
DA:28,1
DA:29,1
DA:30,1
DA:33,1
DA:34,1
DA:35,1
DA:36,1
DA:37,1
DA:38,1
DA:39,1
DA:42,1
DA:43,1
DA:52,1
DA:53,1
DA:56,1
DA:59,1
DA:62,1
DA:65,1
DA:66,1
DA:82,1
DA:84,1
DA:85,1
DA:86,1
DA:87,1
DA:88,1
DA:89,1
LF:42
LH:42
FN:8,23,test_main_dispatches_preview
FNDA:1,test_main_dispatches_preview
FN:26,30,test_main_without_flags_exits
FNDA:1,test_main_without_flags_exits
FN:33,39,test_unimplemented_commands_exit
FNDA:1,test_unimplemented_commands_exit
FN:42,89,test_main_dispatches_all_selected_flags
FNDA:1,test_main_dispatches_all_selected_flags
FNF:4
FNH:4
end_of_record
SF:tests\test_main_commands.py
DA:1,1
DA:3,1
DA:4,1
DA:5,1
DA:7,1
DA:8,1
DA:9,1
DA:10,1
DA:13,1
DA:14,1
DA:15,1
DA:16,1
DA:17,1
DA:19,1
DA:20,1
DA:21,1
DA:22,1
DA:24,1
DA:25,1
DA:26,1
DA:27,1
DA:32,1
DA:33,1
DA:34,1
DA:35,1
DA:36,1
DA:37,1
DA:38,1
DA:40,1
DA:43,1
DA:44,1
DA:48,1
DA:58,1
DA:62,1
DA:64,1
DA:65,0
DA:67,1
DA:68,1
DA:69,1
DA:70,1
DA:73,1
DA:74,1
DA:78,1
DA:88,1
DA:89,1
DA:90,1
DA:96,1
DA:98,1
DA:99,1
DA:101,1
DA:102,1
DA:104,1
DA:107,1
DA:108,1
DA:109,1
DA:110,1
DA:113,1
DA:114,1
DA:117,1
DA:119,1
DA:139,1
DA:144,1
DA:145,1
DA:146,1
DA:147,1
DA:148,1
DA:149,1
DA:150,1
DA:153,1
DA:154,1
DA:156,1
DA:157,1
DA:158,1
DA:160,1
DA:161,1
DA:163,1
DA:165,1
DA:166,1
DA:167,1
DA:177,1
DA:178,1
DA:179,1
DA:181,1
DA:182,1
DA:185,1
DA:186,1
DA:190,1
DA:199,1
DA:200,1
DA:202,1
DA:203,1
DA:205,1
DA:207,1
DA:209,1
DA:210,1
DA:211,1
DA:214,1
DA:215,1
DA:218,1
DA:220,1
DA:230,1
DA:231,1
DA:232,1
DA:237,1
DA:242,1
DA:250,1
DA:251,1
DA:252,1
DA:253,1
DA:256,1
DA:257,1
DA:260,1
DA:262,1
DA:263,1
DA:264,1
DA:267,1
DA:268,1
DA:271,1
DA:273,1
DA:274,1
DA:275,1
DA:278,1
DA:279,1
DA:282,1
DA:299,1
DA:309,1
DA:310,1
DA:311,1
DA:312,1
DA:313,1
LF:130
LH:129
FN:13,40,_setup_state_paths
FNDA:1,_setup_state_paths
FN:43,70,test_cmd_daily_no_new_proposals_exits_cleanly
FNDA:1,test_cmd_daily_no_new_proposals_exits_cleanly
FN:64,65,test_cmd_daily_no_new_proposals_exits_cleanly._should_not_run
FNDA:0,test_cmd_daily_no_new_proposals_exits_cleanly._should_not_run
FN:73,110,test_cmd_daily_borderline_item_is_logged_only
FNDA:1,test_cmd_daily_borderline_item_is_logged_only
FN:113,150,test_cmd_review_logged_prints_flagged_and_borderline
FNDA:1,test_cmd_review_logged_prints_flagged_and_borderline
FN:153,182,test_cmd_update_context_fetches_and_saves
FNDA:1,test_cmd_update_context_fetches_and_saves
FN:157,158,test_cmd_update_context_fetches_and_saves.FakeClient.__enter__
FNDA:1,test_cmd_update_context_fetches_and_saves.FakeClient.__enter__
FN:160,161,test_cmd_update_context_fetches_and_saves.FakeClient.__exit__
FNDA:1,test_cmd_update_context_fetches_and_saves.FakeClient.__exit__
FN:165,175,test_cmd_update_context_fetches_and_saves.fake_fetch_statements
FNDA:1,test_cmd_update_context_fetches_and_saves.fake_fetch_statements
FN:185,211,test_cmd_daily_handles_scoring_exception
FNDA:1,test_cmd_daily_handles_scoring_exception
FN:202,203,test_cmd_daily_handles_scoring_exception._raise_score
FNDA:1,test_cmd_daily_handles_scoring_exception._raise_score
FN:214,253,test_cmd_daily_non_dry_run_sends_email
FNDA:1,test_cmd_daily_non_dry_run_sends_email
FN:256,264,test_cmd_review_logged_no_log_file
FNDA:1,test_cmd_review_logged_no_log_file
FN:267,275,test_cmd_preview_nostetut_empty_file
FNDA:1,test_cmd_preview_nostetut_empty_file
FN:278,313,test_cmd_preview_nostetut_invalid_deadline_still_builds
FNDA:1,test_cmd_preview_nostetut_invalid_deadline_still_builds
FNF:15
FNH:14
end_of_record
SF:tests\test_main_daily_jakelu.py
DA:1,1
DA:3,1
DA:4,1
DA:6,1
DA:7,1
DA:8,1
DA:11,1
DA:12,1
DA:13,1
DA:14,1
DA:15,1
DA:17,1
DA:18,1
DA:19,1
DA:20,1
DA:22,1
DA:23,1
DA:24,1
DA:25,1
DA:30,1
DA:31,1
DA:32,1
DA:33,1
DA:34,1
DA:35,1
DA:36,1
DA:38,1
DA:48,1
DA:49,1
DA:51,1
DA:53,1
DA:54,1
DA:55,1
DA:57,1
DA:59,1
DA:61,1
DA:63,1
DA:64,1
DA:65,1
DA:67,1
DA:70,1
DA:71,1
DA:72,1
DA:73,1
DA:75,1
DA:76,1
DA:77,1
DA:78,1
DA:79,1
LF:49
LH:49
FN:11,79,test_cmd_daily_applies_jakelu_boost_and_persists_flag
FNDA:1,test_cmd_daily_applies_jakelu_boost_and_persists_flag
FN:53,55,test_cmd_daily_applies_jakelu_boost_and_persists_flag.fake_score_item
FNDA:1,test_cmd_daily_applies_jakelu_boost_and_persists_flag.fake_score_item
FNF:2
FNH:2
end_of_record
SF:tests\test_main_edges.py
DA:1,1
DA:3,1
DA:4,1
DA:6,1
DA:7,1
DA:8,1
DA:11,1
DA:12,1
DA:13,1
DA:14,1
DA:15,1
DA:17,1
DA:18,1
DA:19,1
DA:20,1
DA:22,1
DA:23,1
DA:24,1
DA:25,1
DA:30,1
DA:31,1
DA:32,1
DA:33,1
DA:34,1
DA:35,1
DA:36,1
DA:38,1
DA:41,1
DA:42,1
DA:45,1
DA:47,1
DA:48,1
DA:51,1
DA:52,1
DA:55,1
DA:57,1
DA:58,1
DA:59,1
DA:62,1
DA:65,1
DA:68,1
DA:78,1
DA:80,1
DA:81,1
DA:83,1
DA:84,1
DA:90,1
DA:91,1
DA:92,1
DA:93,1
DA:94,1
DA:97,1
DA:98,1
DA:101,1
DA:102,1
DA:113,1
DA:114,1
DA:115,1
DA:118,1
DA:119,1
DA:122,1
DA:124,1
DA:125,1
DA:126,1
DA:129,1
DA:130,1
DA:133,1
DA:150,1
DA:151,1
DA:152,1
DA:154,1
DA:155,1
DA:156,1
DA:157,1
LF:74
LH:74
FN:11,38,_setup_state_paths
FNDA:1,_setup_state_paths
FN:41,48,test_load_context_defaults_when_missing
FNDA:1,test_load_context_defaults_when_missing
FN:51,59,test_save_context_writes_json
FNDA:1,test_save_context_writes_json
FN:62,94,test_cmd_daily_warns_if_jakelu_fetch_fails_and_drops_low_score
FNDA:1,test_cmd_daily_warns_if_jakelu_fetch_fails_and_drops_low_score
FN:80,81,test_cmd_daily_warns_if_jakelu_fetch_fails_and_drops_low_score._raise_jakelu
FNDA:1,test_cmd_daily_warns_if_jakelu_fetch_fails_and_drops_low_score._raise_jakelu
FN:97,115,test_cmd_review_logged_skips_blank_and_invalid_json
FNDA:1,test_cmd_review_logged_skips_blank_and_invalid_json
FN:118,126,test_cmd_preview_nostetut_empty_list_branch
FNDA:1,test_cmd_preview_nostetut_empty_list_branch
FN:129,157,test_cmd_preview_nostetut_valid_deadline_branch
FNDA:1,test_cmd_preview_nostetut_valid_deadline_branch
FN:150,152,test_cmd_preview_nostetut_valid_deadline_branch._fake_build_daily_digest
FNDA:1,test_cmd_preview_nostetut_valid_deadline_branch._fake_build_daily_digest
FNF:9
FNH:9
end_of_record
